<?xml version="1.0" encoding="UTF-8"?>
<!-- Generated by org.testng.reporters.JUnitXMLReporter -->
<testsuite hostname="DESKTOP-5SRHHN8" ignored="0" name="AllTests" tests="5" failures="5" timestamp="03 Jul 2022 08:23:23 GMT" time="37.354" errors="0">
  <testcase name="LoginTest" time="36.773" classname="titan.dev.homeSuiteTest.LoginTest">
    <failure type="java.lang.AssertionError">
      <![CDATA[java.lang.AssertionError: 
at titan.dev.homeSuite.Login.doInit(Login.java:28)
at titan.dev.homeSuiteTest.LoginTest.LoginTest(LoginTest.java:21)
... Removed 29 stack frames]]>
    </failure>
  </testcase> <!-- LoginTest -->
  <testcase name="createNativeAdCreativeOrderTest" time="0.012" classname="titan.dev.productTest.NativeAdCreativeTest">
    <failure type="java.lang.AssertionError" message="Exception Captured in createNativeAdCreativeOrder Method 
org.openqa.selenium.NoSuchWindowException: no such window: target window already closed
from unknown error: web view not found
  (Session info: chrome=103.0.5060.66)
Build info: version: &amp;apos;3.141.59&amp;apos;, revision: &amp;apos;e82be7d358&amp;apos;, time: &amp;apos;2018-11-14T08:17:03&amp;apos;
System info: host: &amp;apos;DESKTOP-5SRHHN8&amp;apos;, ip: &amp;apos;192.168.29.213&amp;apos;, os.name: &amp;apos;Windows 10&amp;apos;, os.arch: &amp;apos;amd64&amp;apos;, os.version: &amp;apos;10.0&amp;apos;, java.version: &amp;apos;1.8.0_241&amp;apos;
Driver info: org.openqa.selenium.chrome.ChromeDriver
Capabilities {acceptInsecureCerts: false, browserName: chrome, browserVersion: 103.0.5060.66, chrome: {chromedriverVersion: 103.0.5060.53 (a1711811edd7..., userDataDir: C:\Users\Shubham\AppData\Lo...}, goog:chromeOptions: {debuggerAddress: localhost:51003}, javascriptEnabled: true, networkConnectionEnabled: false, pageLoadStrategy: eager, platform: WINDOWS, platformName: WINDOWS, proxy: Proxy(), setWindowRect: true, strictFileInteractability: false, timeouts: {implicit: 0, pageLoad: 300000, script: 30000}, unhandledPromptBehavior: dismiss and notify, webauthn:extension:credBlob: true, webauthn:extension:largeBlob: true, webauthn:virtualAuthenticators: true}
Session ID: bbdd7afc39fb2c49f248701d6459d188">
      <![CDATA[java.lang.AssertionError: Exception Captured in createNativeAdCreativeOrder Method 
org.openqa.selenium.NoSuchWindowException: no such window: target window already closed
from unknown error: web view not found
  (Session info: chrome=103.0.5060.66)
Build info: version: '3.141.59', revision: 'e82be7d358', time: '2018-11-14T08:17:03'
System info: host: 'DESKTOP-5SRHHN8', ip: '192.168.29.213', os.name: 'Windows 10', os.arch: 'amd64', os.version: '10.0', java.version: '1.8.0_241'
Driver info: org.openqa.selenium.chrome.ChromeDriver
Capabilities {acceptInsecureCerts: false, browserName: chrome, browserVersion: 103.0.5060.66, chrome: {chromedriverVersion: 103.0.5060.53 (a1711811edd7..., userDataDir: C:\Users\Shubham\AppData\Lo...}, goog:chromeOptions: {debuggerAddress: localhost:51003}, javascriptEnabled: true, networkConnectionEnabled: false, pageLoadStrategy: eager, platform: WINDOWS, platformName: WINDOWS, proxy: Proxy(), setWindowRect: true, strictFileInteractability: false, timeouts: {implicit: 0, pageLoad: 300000, script: 30000}, unhandledPromptBehavior: dismiss and notify, webauthn:extension:credBlob: true, webauthn:extension:largeBlob: true, webauthn:virtualAuthenticators: true}
Session ID: bbdd7afc39fb2c49f248701d6459d188
at titan.dev.products.NativeAdCreative.createNativeAdCreativeOrder(NativeAdCreative.java:30)
at titan.dev.productTest.NativeAdCreativeTest.createNativeAdCreativeOrderTest(NativeAdCreativeTest.java:11)
... Removed 29 stack frames]]>
    </failure>
  </testcase> <!-- createNativeAdCreativeOrderTest -->
  <testcase name="createOnlineVideoAdCreativeOrderTest" time="0.015" classname="titan.dev.productTest.OnlineVideoAdCreative_Test">
    <failure type="java.lang.AssertionError" message="Exception Captured in createOnlineVideoAdCreativeOrder Method 
org.openqa.selenium.NoSuchWindowException: no such window: target window already closed
from unknown error: web view not found
  (Session info: chrome=103.0.5060.66)
Build info: version: &amp;apos;3.141.59&amp;apos;, revision: &amp;apos;e82be7d358&amp;apos;, time: &amp;apos;2018-11-14T08:17:03&amp;apos;
System info: host: &amp;apos;DESKTOP-5SRHHN8&amp;apos;, ip: &amp;apos;192.168.29.213&amp;apos;, os.name: &amp;apos;Windows 10&amp;apos;, os.arch: &amp;apos;amd64&amp;apos;, os.version: &amp;apos;10.0&amp;apos;, java.version: &amp;apos;1.8.0_241&amp;apos;
Driver info: org.openqa.selenium.chrome.ChromeDriver
Capabilities {acceptInsecureCerts: false, browserName: chrome, browserVersion: 103.0.5060.66, chrome: {chromedriverVersion: 103.0.5060.53 (a1711811edd7..., userDataDir: C:\Users\Shubham\AppData\Lo...}, goog:chromeOptions: {debuggerAddress: localhost:51003}, javascriptEnabled: true, networkConnectionEnabled: false, pageLoadStrategy: eager, platform: WINDOWS, platformName: WINDOWS, proxy: Proxy(), setWindowRect: true, strictFileInteractability: false, timeouts: {implicit: 0, pageLoad: 300000, script: 30000}, unhandledPromptBehavior: dismiss and notify, webauthn:extension:credBlob: true, webauthn:extension:largeBlob: true, webauthn:virtualAuthenticators: true}
Session ID: bbdd7afc39fb2c49f248701d6459d188">
      <![CDATA[java.lang.AssertionError: Exception Captured in createOnlineVideoAdCreativeOrder Method 
org.openqa.selenium.NoSuchWindowException: no such window: target window already closed
from unknown error: web view not found
  (Session info: chrome=103.0.5060.66)
Build info: version: '3.141.59', revision: 'e82be7d358', time: '2018-11-14T08:17:03'
System info: host: 'DESKTOP-5SRHHN8', ip: '192.168.29.213', os.name: 'Windows 10', os.arch: 'amd64', os.version: '10.0', java.version: '1.8.0_241'
Driver info: org.openqa.selenium.chrome.ChromeDriver
Capabilities {acceptInsecureCerts: false, browserName: chrome, browserVersion: 103.0.5060.66, chrome: {chromedriverVersion: 103.0.5060.53 (a1711811edd7..., userDataDir: C:\Users\Shubham\AppData\Lo...}, goog:chromeOptions: {debuggerAddress: localhost:51003}, javascriptEnabled: true, networkConnectionEnabled: false, pageLoadStrategy: eager, platform: WINDOWS, platformName: WINDOWS, proxy: Proxy(), setWindowRect: true, strictFileInteractability: false, timeouts: {implicit: 0, pageLoad: 300000, script: 30000}, unhandledPromptBehavior: dismiss and notify, webauthn:extension:credBlob: true, webauthn:extension:largeBlob: true, webauthn:virtualAuthenticators: true}
Session ID: bbdd7afc39fb2c49f248701d6459d188
at titan.dev.products.OnlineVideoAdCreative.createOnlineVideoAdCreativeOrder(OnlineVideoAdCreative.java:32)
at titan.dev.productTest.OnlineVideoAdCreative_Test.createOnlineVideoAdCreativeOrderTest(OnlineVideoAdCreative_Test.java:11)
... Removed 29 stack frames]]>
    </failure>
  </testcase> <!-- createOnlineVideoAdCreativeOrderTest -->
  <testcase name="createProgrammaticAudioCreativeOrderTest" time="0.015" classname="titan.dev.productTest.ProgrammaticAudioCreativeTest">
    <failure type="java.lang.AssertionError" message="Exception Captured in LogoUpload Method 
org.openqa.selenium.NoSuchWindowException: no such window: target window already closed
from unknown error: web view not found
  (Session info: chrome=103.0.5060.66)
Build info: version: &amp;apos;3.141.59&amp;apos;, revision: &amp;apos;e82be7d358&amp;apos;, time: &amp;apos;2018-11-14T08:17:03&amp;apos;
System info: host: &amp;apos;DESKTOP-5SRHHN8&amp;apos;, ip: &amp;apos;192.168.29.213&amp;apos;, os.name: &amp;apos;Windows 10&amp;apos;, os.arch: &amp;apos;amd64&amp;apos;, os.version: &amp;apos;10.0&amp;apos;, java.version: &amp;apos;1.8.0_241&amp;apos;
Driver info: org.openqa.selenium.chrome.ChromeDriver
Capabilities {acceptInsecureCerts: false, browserName: chrome, browserVersion: 103.0.5060.66, chrome: {chromedriverVersion: 103.0.5060.53 (a1711811edd7..., userDataDir: C:\Users\Shubham\AppData\Lo...}, goog:chromeOptions: {debuggerAddress: localhost:51003}, javascriptEnabled: true, networkConnectionEnabled: false, pageLoadStrategy: eager, platform: WINDOWS, platformName: WINDOWS, proxy: Proxy(), setWindowRect: true, strictFileInteractability: false, timeouts: {implicit: 0, pageLoad: 300000, script: 30000}, unhandledPromptBehavior: dismiss and notify, webauthn:extension:credBlob: true, webauthn:extension:largeBlob: true, webauthn:virtualAuthenticators: true}
Session ID: bbdd7afc39fb2c49f248701d6459d188">
      <![CDATA[java.lang.AssertionError: Exception Captured in LogoUpload Method 
org.openqa.selenium.NoSuchWindowException: no such window: target window already closed
from unknown error: web view not found
  (Session info: chrome=103.0.5060.66)
Build info: version: '3.141.59', revision: 'e82be7d358', time: '2018-11-14T08:17:03'
System info: host: 'DESKTOP-5SRHHN8', ip: '192.168.29.213', os.name: 'Windows 10', os.arch: 'amd64', os.version: '10.0', java.version: '1.8.0_241'
Driver info: org.openqa.selenium.chrome.ChromeDriver
Capabilities {acceptInsecureCerts: false, browserName: chrome, browserVersion: 103.0.5060.66, chrome: {chromedriverVersion: 103.0.5060.53 (a1711811edd7..., userDataDir: C:\Users\Shubham\AppData\Lo...}, goog:chromeOptions: {debuggerAddress: localhost:51003}, javascriptEnabled: true, networkConnectionEnabled: false, pageLoadStrategy: eager, platform: WINDOWS, platformName: WINDOWS, proxy: Proxy(), setWindowRect: true, strictFileInteractability: false, timeouts: {implicit: 0, pageLoad: 300000, script: 30000}, unhandledPromptBehavior: dismiss and notify, webauthn:extension:credBlob: true, webauthn:extension:largeBlob: true, webauthn:virtualAuthenticators: true}
Session ID: bbdd7afc39fb2c49f248701d6459d188
at titan.dev.products.ProgrammaticAudioCreative.createProgrammaticAudioCreativeOrder(ProgrammaticAudioCreative.java:35)
at titan.dev.productTest.ProgrammaticAudioCreativeTest.createProgrammaticAudioCreativeOrderTest(ProgrammaticAudioCreativeTest.java:11)
... Removed 29 stack frames]]>
    </failure>
  </testcase> <!-- createProgrammaticAudioCreativeOrderTest -->
  <testcase name="VerifyLogoutTest" time="0.014" classname="titan.dev.homeSuiteTest.LogoutTest">
    <failure type="java.lang.AssertionError">
      <![CDATA[java.lang.AssertionError: 
at titan.dev.homeSuite.Logout.doLogout_USME11(Logout.java:20)
at titan.dev.homeSuiteTest.LogoutTest.VerifyLogoutTest(LogoutTest.java:9)
... Removed 29 stack frames]]>
    </failure>
  </testcase> <!-- VerifyLogoutTest -->
</testsuite> <!-- AllTests -->
