<!DOCTYPE html>

<html>
  <head>
  <meta charset='utf-8'>
  <title>TestNG reports</title>

    <link type="text/css" href="testng-reports.css" rel="stylesheet" />
    <script type="text/javascript" src="jquery-1.7.1.min.js"></script>
    <script type="text/javascript" src="testng-reports.js"></script>
    <script type="text/javascript" src="https://www.google.com/jsapi"></script>
    <script type='text/javascript'>
      google.load('visualization', '1', {packages:['table']});
      google.setOnLoadCallback(drawTable);
      var suiteTableInitFunctions = new Array();
      var suiteTableData = new Array();
    </script>
    <!--
      <script type="text/javascript" src="jquery-ui/js/jquery-ui-1.8.16.custom.min.js"></script>
     -->
  </head>

  <body>
    <div class="top-banner-root">
      <span class="top-banner-title-font">Test results</span>
      <br/>
      <span class="top-banner-font-1">1 suite, 5 failed tests</span>
    </div> <!-- top-banner-root -->
    <div class="navigator-root">
      <div class="navigator-suite-header">
        <span>All suites</span>
        <a href="#" class="collapse-all-link" title="Collapse/expand all the suites">
          <img class="collapse-all-icon" src="collapseall.gif">
          </img> <!-- collapse-all-icon -->
        </a> <!-- collapse-all-link -->
      </div> <!-- navigator-suite-header -->
      <div class="suite">
        <div class="rounded-window">
          <div class="suite-header light-rounded-window-top">
            <a href="#" class="navigator-link" panel-name="suite-FullRegression">
              <span class="suite-name border-failed">FullRegression</span>
            </a> <!-- navigator-link -->
          </div> <!-- suite-header light-rounded-window-top -->
          <div class="navigator-suite-content">
            <div class="suite-section-title">
              <span>Info</span>
            </div> <!-- suite-section-title -->
            <div class="suite-section-content">
              <ul>
                <li>
                  <a href="#" class="navigator-link " panel-name="test-xml-FullRegression">
                    <span>C:\Users\Shubham\Downloads\Titan_Wizard\testng.xml</span>
                  </a> <!-- navigator-link  -->
                </li>
                <li>
                  <a href="#" class="navigator-link " panel-name="testlist-FullRegression">
                    <span class="test-stats">1 test</span>
                  </a> <!-- navigator-link  -->
                </li>
                <li>
                  <a href="#" class="navigator-link " panel-name="group-FullRegression">
                    <span>0 groups</span>
                  </a> <!-- navigator-link  -->
                </li>
                <li>
                  <a href="#" class="navigator-link " panel-name="times-FullRegression">
                    <span>Times</span>
                  </a> <!-- navigator-link  -->
                </li>
                <li>
                  <a href="#" class="navigator-link " panel-name="reporter-FullRegression">
                    <span>Reporter output</span>
                  </a> <!-- navigator-link  -->
                </li>
                <li>
                  <a href="#" class="navigator-link " panel-name="ignored-methods-FullRegression">
                    <span>Ignored methods</span>
                  </a> <!-- navigator-link  -->
                </li>
                <li>
                  <a href="#" class="navigator-link " panel-name="chronological-FullRegression">
                    <span>Chronological view</span>
                  </a> <!-- navigator-link  -->
                </li>
              </ul>
            </div> <!-- suite-section-content -->
            <div class="result-section">
              <div class="suite-section-title">
                <span>Results</span>
              </div> <!-- suite-section-title -->
              <div class="suite-section-content">
                <ul>
                  <li>
                    <span class="method-stats">5 methods, 5 failed,   </span>
                  </li>
                  <li>
                    <span class="method-list-title failed">Failed methods</span>
                    <span class="show-or-hide-methods failed">
                      <a href="#" panel-name="suite-FullRegression" class="hide-methods failed suite-FullRegression"> (hide)</a> <!-- hide-methods failed suite-FullRegression -->
                      <a href="#" panel-name="suite-FullRegression" class="show-methods failed suite-FullRegression"> (show)</a> <!-- show-methods failed suite-FullRegression -->
                    </span>
                    <div class="method-list-content failed suite-FullRegression">
                      <span>
                        <img width="3%" src="failed.png"/>
                        <a href="#" class="method navigator-link" panel-name="suite-FullRegression" title="titan.dev.homeSuiteTest.LoginTest" hash-for-method="LoginTest(ssahu@affinityexpress.com, Titan@123)">LoginTest(ssahu@affinityexpress.com, Titan@123)</a> <!-- method navigator-link -->
                      </span>
                      <br/>
                      <span>
                        <img width="3%" src="failed.png"/>
                        <a href="#" class="method navigator-link" panel-name="suite-FullRegression" title="titan.dev.homeSuiteTest.LogoutTest" hash-for-method="VerifyLogoutTest">VerifyLogoutTest</a> <!-- method navigator-link -->
                      </span>
                      <br/>
                      <span>
                        <img width="3%" src="failed.png"/>
                        <a href="#" class="method navigator-link" panel-name="suite-FullRegression" title="titan.dev.productTest.NativeAdCreativeTest" hash-for-method="createNativeAdCreativeOrderTest">createNativeAdCreativeOrderTest</a> <!-- method navigator-link -->
                      </span>
                      <br/>
                      <span>
                        <img width="3%" src="failed.png"/>
                        <a href="#" class="method navigator-link" panel-name="suite-FullRegression" title="titan.dev.productTest.OnlineVideoAdCreative_Test" hash-for-method="createOnlineVideoAdCreativeOrderTest">createOnlineVideoAdCreativeOrderTest</a> <!-- method navigator-link -->
                      </span>
                      <br/>
                      <span>
                        <img width="3%" src="failed.png"/>
                        <a href="#" class="method navigator-link" panel-name="suite-FullRegression" title="titan.dev.productTest.ProgrammaticAudioCreativeTest" hash-for-method="createProgrammaticAudioCreativeOrderTest">createProgrammaticAudioCreativeOrderTest</a> <!-- method navigator-link -->
                      </span>
                      <br/>
                    </div> <!-- method-list-content failed suite-FullRegression -->
                  </li>
                </ul>
              </div> <!-- suite-section-content -->
            </div> <!-- result-section -->
          </div> <!-- navigator-suite-content -->
        </div> <!-- rounded-window -->
      </div> <!-- suite -->
    </div> <!-- navigator-root -->
    <div class="wrapper">
      <div class="main-panel-root">
        <div panel-name="suite-FullRegression" class="panel FullRegression">
          <div class="suite-FullRegression-class-failed">
            <div class="main-panel-header rounded-window-top">
              <img src="failed.png"/>
              <span class="class-name">titan.dev.homeSuiteTest.LoginTest</span>
            </div> <!-- main-panel-header rounded-window-top -->
            <div class="main-panel-content rounded-window-bottom">
              <div class="method">
                <div class="method-content">
                  <a name="LoginTest(ssahu@affinityexpress.com, Titan@123)">
                  </a> <!-- LoginTest(ssahu@affinityexpress.com, Titan@123) -->
                  <span class="method-name">LoginTest</span>
                  <span class="parameters">(ssahu@affinityexpress.com, Titan@123)</span>
                  <div class="stack-trace">java.lang.AssertionError: 
	at titan.dev.homeSuite.Login.doInit(Login.java:28)
	at titan.dev.homeSuiteTest.LoginTest.LoginTest(LoginTest.java:21)
... Removed 29 stack frames
</div> <!-- stack-trace -->
                </div> <!-- method-content -->
              </div> <!-- method -->
            </div> <!-- main-panel-content rounded-window-bottom -->
          </div> <!-- suite-FullRegression-class-failed -->
          <div class="suite-FullRegression-class-failed">
            <div class="main-panel-header rounded-window-top">
              <img src="failed.png"/>
              <span class="class-name">titan.dev.productTest.OnlineVideoAdCreative_Test</span>
            </div> <!-- main-panel-header rounded-window-top -->
            <div class="main-panel-content rounded-window-bottom">
              <div class="method">
                <div class="method-content">
                  <a name="createOnlineVideoAdCreativeOrderTest">
                  </a> <!-- createOnlineVideoAdCreativeOrderTest -->
                  <span class="method-name">createOnlineVideoAdCreativeOrderTest</span>
                  <div class="stack-trace">java.lang.AssertionError: Exception Captured in createOnlineVideoAdCreativeOrder Method 
org.openqa.selenium.NoSuchWindowException: no such window: target window already closed
from unknown error: web view not found
  (Session info: chrome=103.0.5060.66)
Build info: version: &apos;3.141.59&apos;, revision: &apos;e82be7d358&apos;, time: &apos;2018-11-14T08:17:03&apos;
System info: host: &apos;DESKTOP-5SRHHN8&apos;, ip: &apos;192.168.29.213&apos;, os.name: &apos;Windows 10&apos;, os.arch: &apos;amd64&apos;, os.version: &apos;10.0&apos;, java.version: &apos;1.8.0_241&apos;
Driver info: org.openqa.selenium.chrome.ChromeDriver
Capabilities {acceptInsecureCerts: false, browserName: chrome, browserVersion: 103.0.5060.66, chrome: {chromedriverVersion: 103.0.5060.53 (a1711811edd7..., userDataDir: C:\Users\Shubham\AppData\Lo...}, goog:chromeOptions: {debuggerAddress: localhost:51003}, javascriptEnabled: true, networkConnectionEnabled: false, pageLoadStrategy: eager, platform: WINDOWS, platformName: WINDOWS, proxy: Proxy(), setWindowRect: true, strictFileInteractability: false, timeouts: {implicit: 0, pageLoad: 300000, script: 30000}, unhandledPromptBehavior: dismiss and notify, webauthn:extension:credBlob: true, webauthn:extension:largeBlob: true, webauthn:virtualAuthenticators: true}
Session ID: bbdd7afc39fb2c49f248701d6459d188
	at titan.dev.products.OnlineVideoAdCreative.createOnlineVideoAdCreativeOrder(OnlineVideoAdCreative.java:32)
	at titan.dev.productTest.OnlineVideoAdCreative_Test.createOnlineVideoAdCreativeOrderTest(OnlineVideoAdCreative_Test.java:11)
... Removed 29 stack frames
</div> <!-- stack-trace -->
                </div> <!-- method-content -->
              </div> <!-- method -->
            </div> <!-- main-panel-content rounded-window-bottom -->
          </div> <!-- suite-FullRegression-class-failed -->
          <div class="suite-FullRegression-class-failed">
            <div class="main-panel-header rounded-window-top">
              <img src="failed.png"/>
              <span class="class-name">titan.dev.homeSuiteTest.LogoutTest</span>
            </div> <!-- main-panel-header rounded-window-top -->
            <div class="main-panel-content rounded-window-bottom">
              <div class="method">
                <div class="method-content">
                  <a name="VerifyLogoutTest">
                  </a> <!-- VerifyLogoutTest -->
                  <span class="method-name">VerifyLogoutTest</span>
                  <div class="stack-trace">java.lang.AssertionError: 
	at titan.dev.homeSuite.Logout.doLogout_USME11(Logout.java:20)
	at titan.dev.homeSuiteTest.LogoutTest.VerifyLogoutTest(LogoutTest.java:9)
... Removed 29 stack frames
</div> <!-- stack-trace -->
                </div> <!-- method-content -->
              </div> <!-- method -->
            </div> <!-- main-panel-content rounded-window-bottom -->
          </div> <!-- suite-FullRegression-class-failed -->
          <div class="suite-FullRegression-class-failed">
            <div class="main-panel-header rounded-window-top">
              <img src="failed.png"/>
              <span class="class-name">titan.dev.productTest.NativeAdCreativeTest</span>
            </div> <!-- main-panel-header rounded-window-top -->
            <div class="main-panel-content rounded-window-bottom">
              <div class="method">
                <div class="method-content">
                  <a name="createNativeAdCreativeOrderTest">
                  </a> <!-- createNativeAdCreativeOrderTest -->
                  <span class="method-name">createNativeAdCreativeOrderTest</span>
                  <div class="stack-trace">java.lang.AssertionError: Exception Captured in createNativeAdCreativeOrder Method 
org.openqa.selenium.NoSuchWindowException: no such window: target window already closed
from unknown error: web view not found
  (Session info: chrome=103.0.5060.66)
Build info: version: &apos;3.141.59&apos;, revision: &apos;e82be7d358&apos;, time: &apos;2018-11-14T08:17:03&apos;
System info: host: &apos;DESKTOP-5SRHHN8&apos;, ip: &apos;192.168.29.213&apos;, os.name: &apos;Windows 10&apos;, os.arch: &apos;amd64&apos;, os.version: &apos;10.0&apos;, java.version: &apos;1.8.0_241&apos;
Driver info: org.openqa.selenium.chrome.ChromeDriver
Capabilities {acceptInsecureCerts: false, browserName: chrome, browserVersion: 103.0.5060.66, chrome: {chromedriverVersion: 103.0.5060.53 (a1711811edd7..., userDataDir: C:\Users\Shubham\AppData\Lo...}, goog:chromeOptions: {debuggerAddress: localhost:51003}, javascriptEnabled: true, networkConnectionEnabled: false, pageLoadStrategy: eager, platform: WINDOWS, platformName: WINDOWS, proxy: Proxy(), setWindowRect: true, strictFileInteractability: false, timeouts: {implicit: 0, pageLoad: 300000, script: 30000}, unhandledPromptBehavior: dismiss and notify, webauthn:extension:credBlob: true, webauthn:extension:largeBlob: true, webauthn:virtualAuthenticators: true}
Session ID: bbdd7afc39fb2c49f248701d6459d188
	at titan.dev.products.NativeAdCreative.createNativeAdCreativeOrder(NativeAdCreative.java:30)
	at titan.dev.productTest.NativeAdCreativeTest.createNativeAdCreativeOrderTest(NativeAdCreativeTest.java:11)
... Removed 29 stack frames
</div> <!-- stack-trace -->
                </div> <!-- method-content -->
              </div> <!-- method -->
            </div> <!-- main-panel-content rounded-window-bottom -->
          </div> <!-- suite-FullRegression-class-failed -->
          <div class="suite-FullRegression-class-failed">
            <div class="main-panel-header rounded-window-top">
              <img src="failed.png"/>
              <span class="class-name">titan.dev.productTest.ProgrammaticAudioCreativeTest</span>
            </div> <!-- main-panel-header rounded-window-top -->
            <div class="main-panel-content rounded-window-bottom">
              <div class="method">
                <div class="method-content">
                  <a name="createProgrammaticAudioCreativeOrderTest">
                  </a> <!-- createProgrammaticAudioCreativeOrderTest -->
                  <span class="method-name">createProgrammaticAudioCreativeOrderTest</span>
                  <div class="stack-trace">java.lang.AssertionError: Exception Captured in LogoUpload Method 
org.openqa.selenium.NoSuchWindowException: no such window: target window already closed
from unknown error: web view not found
  (Session info: chrome=103.0.5060.66)
Build info: version: &apos;3.141.59&apos;, revision: &apos;e82be7d358&apos;, time: &apos;2018-11-14T08:17:03&apos;
System info: host: &apos;DESKTOP-5SRHHN8&apos;, ip: &apos;192.168.29.213&apos;, os.name: &apos;Windows 10&apos;, os.arch: &apos;amd64&apos;, os.version: &apos;10.0&apos;, java.version: &apos;1.8.0_241&apos;
Driver info: org.openqa.selenium.chrome.ChromeDriver
Capabilities {acceptInsecureCerts: false, browserName: chrome, browserVersion: 103.0.5060.66, chrome: {chromedriverVersion: 103.0.5060.53 (a1711811edd7..., userDataDir: C:\Users\Shubham\AppData\Lo...}, goog:chromeOptions: {debuggerAddress: localhost:51003}, javascriptEnabled: true, networkConnectionEnabled: false, pageLoadStrategy: eager, platform: WINDOWS, platformName: WINDOWS, proxy: Proxy(), setWindowRect: true, strictFileInteractability: false, timeouts: {implicit: 0, pageLoad: 300000, script: 30000}, unhandledPromptBehavior: dismiss and notify, webauthn:extension:credBlob: true, webauthn:extension:largeBlob: true, webauthn:virtualAuthenticators: true}
Session ID: bbdd7afc39fb2c49f248701d6459d188
	at titan.dev.products.ProgrammaticAudioCreative.createProgrammaticAudioCreativeOrder(ProgrammaticAudioCreative.java:35)
	at titan.dev.productTest.ProgrammaticAudioCreativeTest.createProgrammaticAudioCreativeOrderTest(ProgrammaticAudioCreativeTest.java:11)
... Removed 29 stack frames
</div> <!-- stack-trace -->
                </div> <!-- method-content -->
              </div> <!-- method -->
            </div> <!-- main-panel-content rounded-window-bottom -->
          </div> <!-- suite-FullRegression-class-failed -->
        </div> <!-- panel FullRegression -->
        <div panel-name="test-xml-FullRegression" class="panel">
          <div class="main-panel-header rounded-window-top">
            <span class="header-content">C:\Users\Shubham\Downloads\Titan_Wizard\testng.xml</span>
          </div> <!-- main-panel-header rounded-window-top -->
          <div class="main-panel-content rounded-window-bottom">
            <pre>
&lt;?xml version=&quot;1.0&quot; encoding=&quot;UTF-8&quot;?&gt;
&lt;!DOCTYPE suite SYSTEM &quot;http://testng.org/testng-1.0.dtd&quot;&gt;
&lt;suite guice-stage=&quot;DEVELOPMENT&quot; verbose=&quot;0&quot; name=&quot;FullRegression&quot;&gt;
  &lt;listeners&gt;
    &lt;listener class-name=&quot;titan.dev.analyzer.TitanTransformer&quot;/&gt;
    &lt;listener class-name=&quot;titan.dev.reports.ExtentReportListener&quot;/&gt;
  &lt;/listeners&gt;
  &lt;test thread-count=&quot;5&quot; verbose=&quot;0&quot; name=&quot;AllTests&quot;&gt;
    &lt;classes&gt;
      &lt;class name=&quot;titan.dev.homeSuiteTest.LoginTest&quot;/&gt;
      &lt;class name=&quot;titan.dev.productTest.NativeAdCreativeTest&quot;/&gt;
      &lt;class name=&quot;titan.dev.productTest.OnlineVideoAdCreative_Test&quot;/&gt;
      &lt;class name=&quot;titan.dev.productTest.ProgrammaticAudioCreativeTest&quot;/&gt;
      &lt;class name=&quot;titan.dev.homeSuiteTest.LogoutTest&quot;/&gt;
    &lt;/classes&gt;
  &lt;/test&gt; &lt;!-- AllTests --&gt;
&lt;/suite&gt; &lt;!-- FullRegression --&gt;
            </pre>
          </div> <!-- main-panel-content rounded-window-bottom -->
        </div> <!-- panel -->
        <div panel-name="testlist-FullRegression" class="panel">
          <div class="main-panel-header rounded-window-top">
            <span class="header-content">Tests for FullRegression</span>
          </div> <!-- main-panel-header rounded-window-top -->
          <div class="main-panel-content rounded-window-bottom">
            <ul>
              <li>
                <span class="test-name">AllTests (5 classes)</span>
              </li>
            </ul>
          </div> <!-- main-panel-content rounded-window-bottom -->
        </div> <!-- panel -->
        <div panel-name="group-FullRegression" class="panel">
          <div class="main-panel-header rounded-window-top">
            <span class="header-content">Groups for FullRegression</span>
          </div> <!-- main-panel-header rounded-window-top -->
          <div class="main-panel-content rounded-window-bottom">
          </div> <!-- main-panel-content rounded-window-bottom -->
        </div> <!-- panel -->
        <div panel-name="times-FullRegression" class="panel">
          <div class="main-panel-header rounded-window-top">
            <span class="header-content">Times for FullRegression</span>
          </div> <!-- main-panel-header rounded-window-top -->
          <div class="main-panel-content rounded-window-bottom">
            <div class="times-div">
              <script type="text/javascript">
suiteTableInitFunctions.push('tableData_FullRegression');
function tableData_FullRegression() {
var data = new google.visualization.DataTable();
data.addColumn('number', 'Number');
data.addColumn('string', 'Method');
data.addColumn('string', 'Class');
data.addColumn('number', 'Time (ms)');
data.addRows(5);
data.setCell(0, 0, 0)
data.setCell(0, 1, 'LoginTest')
data.setCell(0, 2, 'titan.dev.homeSuiteTest.LoginTest')
data.setCell(0, 3, 36773);
data.setCell(1, 0, 1)
data.setCell(1, 1, 'createOnlineVideoAdCreativeOrderTest')
data.setCell(1, 2, 'titan.dev.productTest.OnlineVideoAdCreative_Test')
data.setCell(1, 3, 15);
data.setCell(2, 0, 2)
data.setCell(2, 1, 'createProgrammaticAudioCreativeOrderTest')
data.setCell(2, 2, 'titan.dev.productTest.ProgrammaticAudioCreativeTest')
data.setCell(2, 3, 15);
data.setCell(3, 0, 3)
data.setCell(3, 1, 'VerifyLogoutTest')
data.setCell(3, 2, 'titan.dev.homeSuiteTest.LogoutTest')
data.setCell(3, 3, 14);
data.setCell(4, 0, 4)
data.setCell(4, 1, 'createNativeAdCreativeOrderTest')
data.setCell(4, 2, 'titan.dev.productTest.NativeAdCreativeTest')
data.setCell(4, 3, 12);
window.suiteTableData['FullRegression']= { tableData: data, tableDiv: 'times-div-FullRegression'}
return data;
}
              </script>
              <span class="suite-total-time">Total running time: 36 seconds</span>
              <div id="times-div-FullRegression">
              </div> <!-- times-div-FullRegression -->
            </div> <!-- times-div -->
          </div> <!-- main-panel-content rounded-window-bottom -->
        </div> <!-- panel -->
        <div panel-name="reporter-FullRegression" class="panel">
          <div class="main-panel-header rounded-window-top">
            <span class="header-content">Reporter output for FullRegression</span>
          </div> <!-- main-panel-header rounded-window-top -->
          <div class="main-panel-content rounded-window-bottom">
          </div> <!-- main-panel-content rounded-window-bottom -->
        </div> <!-- panel -->
        <div panel-name="ignored-methods-FullRegression" class="panel">
          <div class="main-panel-header rounded-window-top">
            <span class="header-content">0 ignored methods</span>
          </div> <!-- main-panel-header rounded-window-top -->
          <div class="main-panel-content rounded-window-bottom">
          </div> <!-- main-panel-content rounded-window-bottom -->
        </div> <!-- panel -->
        <div panel-name="chronological-FullRegression" class="panel">
          <div class="main-panel-header rounded-window-top">
            <span class="header-content">Methods in chronological order</span>
          </div> <!-- main-panel-header rounded-window-top -->
          <div class="main-panel-content rounded-window-bottom">
            <div class="chronological-class">
              <div class="chronological-class-name">titan.dev.homeSuiteTest.LoginTest</div> <!-- chronological-class-name -->
              <div class="test-method">
                <img src="failed.png">
                </img>
                <span class="method-name">LoginTest(ssahu@affinityexpress.com, Titan@123)</span>
                <span class="method-start">0 ms</span>
              </div> <!-- test-method -->
            </div> <!-- chronological-class -->
            <div class="chronological-class">
              <div class="chronological-class-name">titan.dev.productTest.NativeAdCreativeTest</div> <!-- chronological-class-name -->
              <div class="test-method">
                <img src="failed.png">
                </img>
                <span class="method-name">createNativeAdCreativeOrderTest</span>
                <span class="method-start">36791 ms</span>
              </div> <!-- test-method -->
            </div> <!-- chronological-class -->
            <div class="chronological-class">
              <div class="chronological-class-name">titan.dev.productTest.OnlineVideoAdCreative_Test</div> <!-- chronological-class-name -->
              <div class="test-method">
                <img src="failed.png">
                </img>
                <span class="method-name">createOnlineVideoAdCreativeOrderTest</span>
                <span class="method-start">36804 ms</span>
              </div> <!-- test-method -->
            </div> <!-- chronological-class -->
            <div class="chronological-class">
              <div class="chronological-class-name">titan.dev.productTest.ProgrammaticAudioCreativeTest</div> <!-- chronological-class-name -->
              <div class="test-method">
                <img src="failed.png">
                </img>
                <span class="method-name">createProgrammaticAudioCreativeOrderTest</span>
                <span class="method-start">36819 ms</span>
              </div> <!-- test-method -->
            </div> <!-- chronological-class -->
            <div class="chronological-class">
              <div class="chronological-class-name">titan.dev.homeSuiteTest.LogoutTest</div> <!-- chronological-class-name -->
              <div class="test-method">
                <img src="failed.png">
                </img>
                <span class="method-name">VerifyLogoutTest</span>
                <span class="method-start">36835 ms</span>
              </div> <!-- test-method -->
          </div> <!-- main-panel-content rounded-window-bottom -->
        </div> <!-- panel -->
      </div> <!-- main-panel-root -->
    </div> <!-- wrapper -->
  </body>
</html>
